c:\users\zeno watteeuw\documents\school\prog4\master\exam_assignment\minigin\win32\debug\.pch
c:\users\zeno watteeuw\documents\school\prog4\master\exam_assignment\minigin\win32\debug\vc141.pdb
c:\users\zeno watteeuw\documents\school\prog4\master\exam_assignment\minigin\win32\debug\vc141.idb
c:\users\zeno watteeuw\documents\school\prog4\master\exam_assignment\minigin\win32\debug\audio.obj
c:\users\zeno watteeuw\documents\school\prog4\master\exam_assignment\minigin\win32\debug\basecommand.obj
c:\users\zeno watteeuw\documents\school\prog4\master\exam_assignment\minigin\win32\debug\basecomponent.obj
c:\users\zeno watteeuw\documents\school\prog4\master\exam_assignment\minigin\win32\debug\commandcomponent.obj
c:\users\zeno watteeuw\documents\school\prog4\master\exam_assignment\minigin\win32\debug\inputmanager.obj
c:\users\zeno watteeuw\documents\school\prog4\master\exam_assignment\minigin\win32\debug\locator.obj
c:\users\zeno watteeuw\documents\school\prog4\master\exam_assignment\minigin\win32\debug\player.obj
c:\users\zeno watteeuw\documents\school\prog4\master\exam_assignment\minigin\win32\debug\scenemanager.obj
c:\users\zeno watteeuw\documents\school\prog4\master\exam_assignment\minigin\win32\debug\transformcomponent.obj
c:\users\zeno watteeuw\documents\school\prog4\master\exam_assignment\minigin\win32\debug\resourcemanager.obj
c:\users\zeno watteeuw\documents\school\prog4\master\exam_assignment\minigin\win32\debug\log.obj
c:\users\zeno watteeuw\documents\school\prog4\master\exam_assignment\minigin\win32\debug\gametime.obj
c:\users\zeno watteeuw\documents\school\prog4\master\exam_assignment\minigin\win32\debug\fpsscene.obj
c:\users\zeno watteeuw\documents\school\prog4\master\exam_assignment\minigin\win32\debug\font.obj
c:\users\zeno watteeuw\documents\school\prog4\master\exam_assignment\minigin\win32\debug\renderer.obj
c:\users\zeno watteeuw\documents\school\prog4\master\exam_assignment\minigin\win32\debug\main.obj
c:\users\zeno watteeuw\documents\school\prog4\master\exam_assignment\minigin\win32\debug\minigin.obj
c:\users\zeno watteeuw\documents\school\prog4\master\exam_assignment\minigin\win32\debug\miniginpch.obj
c:\users\zeno watteeuw\documents\school\prog4\master\exam_assignment\minigin\win32\debug\gameobject.obj
c:\users\zeno watteeuw\documents\school\prog4\master\exam_assignment\minigin\win32\debug\scene.obj
c:\users\zeno watteeuw\documents\school\prog4\master\exam_assignment\minigin\win32\debug\textobject.obj
c:\users\zeno watteeuw\documents\school\prog4\master\exam_assignment\minigin\win32\debug\texture2d.obj
c:\users\zeno watteeuw\documents\school\prog4\master\exam_assignment\minigin\win32\debug\textrenderer.obj
c:\users\zeno watteeuw\documents\school\prog4\master\exam_assignment\minigin\win32\debug\textcomponent.obj
c:\users\zeno watteeuw\documents\school\prog4\master\exam_assignment\minigin\win32\debug\texturecomponent.obj
c:\users\zeno watteeuw\documents\school\prog4\master\exam_assignment\minigin\win32\debug\levelgrid.obj
c:\users\zeno watteeuw\documents\school\prog4\master\exam_assignment\minigin\win32\debug\levelscene.obj
c:\users\zeno watteeuw\documents\school\prog4\master\exam_assignment\win32\debug\minigin.exe
c:\users\zeno watteeuw\documents\school\prog4\master\exam_assignment\win32\debug\minigin.ilk
c:\users\zeno watteeuw\documents\school\prog4\master\exam_assignment\win32\debug\minigin.pdb
c:\users\zeno watteeuw\documents\school\prog4\master\exam_assignment\win32\debug\minigin.lib
c:\users\zeno watteeuw\documents\school\prog4\master\exam_assignment\win32\debug\minigin.exp
c:\users\zeno watteeuw\documents\school\prog4\master\exam_assignment\minigin\win32\debug\minigin.tlog\cl.command.1.tlog
c:\users\zeno watteeuw\documents\school\prog4\master\exam_assignment\minigin\win32\debug\minigin.tlog\cl.read.1.tlog
c:\users\zeno watteeuw\documents\school\prog4\master\exam_assignment\minigin\win32\debug\minigin.tlog\cl.write.1.tlog
c:\users\zeno watteeuw\documents\school\prog4\master\exam_assignment\minigin\win32\debug\minigin.tlog\link.31184-cvtres.read.1.tlog
c:\users\zeno watteeuw\documents\school\prog4\master\exam_assignment\minigin\win32\debug\minigin.tlog\link.31184-cvtres.write.1.tlog
c:\users\zeno watteeuw\documents\school\prog4\master\exam_assignment\minigin\win32\debug\minigin.tlog\link.31184-rc.read.1.tlog
c:\users\zeno watteeuw\documents\school\prog4\master\exam_assignment\minigin\win32\debug\minigin.tlog\link.31184-rc.write.1.tlog
c:\users\zeno watteeuw\documents\school\prog4\master\exam_assignment\minigin\win32\debug\minigin.tlog\link.31184.read.1.tlog
c:\users\zeno watteeuw\documents\school\prog4\master\exam_assignment\minigin\win32\debug\minigin.tlog\link.31184.write.1.tlog
c:\users\zeno watteeuw\documents\school\prog4\master\exam_assignment\minigin\win32\debug\minigin.tlog\link.command.1.tlog
c:\users\zeno watteeuw\documents\school\prog4\master\exam_assignment\minigin\win32\debug\minigin.tlog\link.read.1.tlog
c:\users\zeno watteeuw\documents\school\prog4\master\exam_assignment\minigin\win32\debug\minigin.tlog\link.write.1.tlog
c:\users\zeno watteeuw\documents\school\prog4\master\exam_assignment\minigin\win32\debug\minigin.tlog\minigin.write.1u.tlog
