  BaseComponent.cpp
  InputManager.cpp
  SceneManager.cpp
  Transform.cpp
  ResourceManager.cpp
  Log.cpp
  Font.cpp
  Renderer.cpp
  Main.cpp
  Minigin.cpp
  MiniginPCH.cpp
  GameObject.cpp
  Scene.cpp
  TextObject.cpp
  Texture2D.cpp
  Generating Code...
     Creating library C:\Users\Zeno Watteeuw\Documents\School\Prog4\Master\Exam_Assignment\x64\Debug\Minigin.lib and object C:\Users\Zeno Watteeuw\Documents\School\Prog4\Master\Exam_Assignment\x64\Debug\Minigin.exp
  Minigin.vcxproj -> C:\Users\Zeno Watteeuw\Documents\School\Prog4\Master\Exam_Assignment\x64\Debug\Minigin.exe
  C:\Users\Zeno Watteeuw\Documents\School\Prog4\Master\Exam_Assignment\3rdParty\SDL2\lib\x64\SDL2.dll
  1 File(s) copied
  C:\Users\Zeno Watteeuw\Documents\School\Prog4\Master\Exam_Assignment\3rdParty\SDL2_image\lib\x64\libjpeg-9.dll
  C:\Users\Zeno Watteeuw\Documents\School\Prog4\Master\Exam_Assignment\3rdParty\SDL2_image\lib\x64\libpng16-16.dll
  C:\Users\Zeno Watteeuw\Documents\School\Prog4\Master\Exam_Assignment\3rdParty\SDL2_image\lib\x64\libtiff-5.dll
  C:\Users\Zeno Watteeuw\Documents\School\Prog4\Master\Exam_Assignment\3rdParty\SDL2_image\lib\x64\libwebp-7.dll
  C:\Users\Zeno Watteeuw\Documents\School\Prog4\Master\Exam_Assignment\3rdParty\SDL2_image\lib\x64\SDL2_image.dll
  C:\Users\Zeno Watteeuw\Documents\School\Prog4\Master\Exam_Assignment\3rdParty\SDL2_image\lib\x64\zlib1.dll
  6 File(s) copied
  C:\Users\Zeno Watteeuw\Documents\School\Prog4\Master\Exam_Assignment\3rdParty\SDL2_ttf\lib\x64\libfreetype-6.dll
  C:\Users\Zeno Watteeuw\Documents\School\Prog4\Master\Exam_Assignment\3rdParty\SDL2_ttf\lib\x64\SDL2_ttf.dll
  2 File(s) copied
